<?xml version="1.0" encoding="UTF-8"?>
<!-- Generated by org.testng.reporters.JUnitReportReporter -->
<testsuite hostname="DESKTOP-BO9JQS5" failures="0" tests="1" name="vTiger.OrgranisationTests.CreateOrgWithElectronicInvestor4Test" time="0.000" errors="0" timestamp="2022-09-16T20:43:14 IST" skipped="1">
  <testcase classname="vTiger.OrgranisationTests.CreateOrgWithElectronicInvestor4Test" name="orgWithElectronicInvestorTest" time="0.000">
    <skipped/>
  </testcase> <!-- orgWithElectronicInvestorTest -->
  <system-out/>
</testsuite> <!-- vTiger.OrgranisationTests.CreateOrgWithElectronicInvestor4Test -->
