<?xml version="1.0" encoding="UTF-8"?>
<!-- Generated by org.testng.reporters.JUnitReportReporter -->
<testsuite hostname="DESKTOP-BO9JQS5" failures="0" tests="1" name="vTiger.OrgranisationTests.CreateOrgWithHealthcare4Test" time="27.942" errors="0" timestamp="2022-09-16T12:46:32 IST" skipped="0">
  <testcase classname="vTiger.OrgranisationTests.CreateOrgWithHealthcare4Test" name="orgWithHealthcareTest" time="27.942"/>
  <system-out/>
</testsuite> <!-- vTiger.OrgranisationTests.CreateOrgWithHealthcare4Test -->
