<?xml version="1.0" encoding="UTF-8"?>
<!-- Generated by org.testng.reporters.JUnitReportReporter -->
<testsuite hostname="DESKTOP-BO9JQS5" failures="0" tests="7" name="practice3.DataProviderPractice1" time="0.049" errors="0" timestamp="2022-09-01T16:41:32 IST" skipped="0">
  <testcase classname="practice3.DataProviderPractice1" name="addProductToCart" time="0.009"/>
  <system-out/>
  <testcase classname="practice3.DataProviderPractice1" name="addProductToCart" time="0.025"/>
  <system-out/>
  <testcase classname="practice3.DataProviderPractice1" name="addProductToCart" time="0.004"/>
  <system-out/>
  <testcase classname="practice3.DataProviderPractice1" name="addProductToCart" time="0.003"/>
  <system-out/>
  <testcase classname="practice3.DataProviderPractice1" name="addProductToCart" time="0.002"/>
  <system-out/>
  <testcase classname="practice3.DataProviderPractice1" name="addProductToCart" time="0.002"/>
  <system-out/>
  <testcase classname="practice3.DataProviderPractice1" name="addProductToCart" time="0.004"/>
  <system-out/>
</testsuite> <!-- practice3.DataProviderPractice1 -->
