<?xml version="1.0" encoding="UTF-8"?>
<!-- Generated by org.testng.reporters.JUnitReportReporter -->
<testsuite hostname="DESKTOP-BO9JQS5" failures="0" tests="2" name="vTiger.TestNGPractice.TestNGPractice1" time="0.035" errors="0" timestamp="2022-08-29T11:51:10 IST" skipped="0">
  <testcase classname="vTiger.TestNGPractice.TestNGPractice1" name="testNgPractice2" time="0.003"/>
  <system-out/>
  <testcase classname="vTiger.TestNGPractice.TestNGPractice1" name="testNGPractice1" time="0.032"/>
  <system-out/>
</testsuite> <!-- vTiger.TestNGPractice.TestNGPractice1 -->
