<?xml version="1.0" encoding="UTF-8"?>
<!-- Generated by org.testng.reporters.JUnitReportReporter -->
<testsuite hostname="DESKTOP-BO9JQS5" failures="0" tests="1" name="vTiger.OrgranisationTests.CreateOrgWithHealthcare4Test" time="28.749" errors="0" timestamp="2022-09-16T22:52:47 IST" skipped="0">
  <testcase classname="vTiger.OrgranisationTests.CreateOrgWithHealthcare4Test" name="orgWithHealthcareTest" time="28.749"/>
  <system-out/>
</testsuite> <!-- vTiger.OrgranisationTests.CreateOrgWithHealthcare4Test -->
