<?xml version="1.0" encoding="UTF-8"?>
<!-- Generated by org.testng.reporters.JUnitReportReporter -->
<testsuite hostname="DESKTOP-BO9JQS5" failures="0" tests="1" name="vTiger.OrgranisationTests.CreateOrgWithElectronicInvestor4Test" time="28.568" errors="0" timestamp="2022-09-16T22:54:24 IST" skipped="0">
  <testcase classname="vTiger.OrgranisationTests.CreateOrgWithElectronicInvestor4Test" name="orgWithElectronicInvestorTest" time="28.568"/>
  <system-out/>
</testsuite> <!-- vTiger.OrgranisationTests.CreateOrgWithElectronicInvestor4Test -->
