<?xml version="1.0" encoding="UTF-8"?>
<!-- Generated by org.testng.reporters.JUnitReportReporter -->
<testsuite hostname="DESKTOP-BO9JQS5" failures="0" tests="1" name="vTiger.OrgranisationTests.CreateOrganisation4Test" time="35.190" errors="0" timestamp="2022-09-16T12:40:02 IST" skipped="0">
  <testcase classname="vTiger.OrgranisationTests.CreateOrganisation4Test" name="organisationTest" time="35.190"/>
  <system-out>
    <![CDATA[organisation clicked
new organisation clicked
new organisation created
organisation info page]]>
  </system-out>
</testsuite> <!-- vTiger.OrgranisationTests.CreateOrganisation4Test -->
